C:\USERS\USER\DOCUMENTS\VISUAL STUDIO 2010\PROJECTS\1222\1222\DEBUG\1222.EXE.EMBED.MANIFEST
C:\USERS\USER\DOCUMENTS\VISUAL STUDIO 2010\PROJECTS\1222\1222\DEBUG\1222.EXE.EMBED.MANIFEST.RES
C:\USERS\USER\DOCUMENTS\VISUAL STUDIO 2010\PROJECTS\1222\1222\DEBUG\1222.EXE.INTERMEDIATE.MANIFEST
C:\Users\user\Documents\Visual Studio 2010\Projects\1222\1222\Debug\1222.write.1.tlog
C:\Users\user\Documents\Visual Studio 2010\Projects\1222\1222\Debug\1222_manifest.rc
C:\Users\user\Documents\Visual Studio 2010\Projects\1222\1222\Debug\cl.command.1.tlog
C:\Users\user\Documents\Visual Studio 2010\Projects\1222\1222\Debug\CL.read.1.tlog
C:\Users\user\Documents\Visual Studio 2010\Projects\1222\1222\Debug\CL.write.1.tlog
C:\Users\user\Documents\Visual Studio 2010\Projects\1222\1222\Debug\link.4224.read.1.tlog
C:\Users\user\Documents\Visual Studio 2010\Projects\1222\1222\Debug\link.4224.write.1.tlog
C:\Users\user\Documents\Visual Studio 2010\Projects\1222\1222\Debug\link.4224-cvtres.read.1.tlog
C:\Users\user\Documents\Visual Studio 2010\Projects\1222\1222\Debug\link.4224-cvtres.write.1.tlog
C:\Users\user\Documents\Visual Studio 2010\Projects\1222\1222\Debug\link.command.1.tlog
C:\Users\user\Documents\Visual Studio 2010\Projects\1222\1222\Debug\link.read.1.tlog
C:\Users\user\Documents\Visual Studio 2010\Projects\1222\1222\Debug\link.write.1.tlog
C:\Users\user\Documents\Visual Studio 2010\Projects\1222\1222\Debug\link-cvtres.read.1.tlog
C:\Users\user\Documents\Visual Studio 2010\Projects\1222\1222\Debug\link-cvtres.write.1.tlog
C:\USERS\USER\DOCUMENTS\VISUAL STUDIO 2010\PROJECTS\1222\1222\DEBUG\MAIN.OBJ
C:\Users\user\Documents\Visual Studio 2010\Projects\1222\1222\Debug\mt.command.1.tlog
C:\Users\user\Documents\Visual Studio 2010\Projects\1222\1222\Debug\mt.read.1.tlog
C:\Users\user\Documents\Visual Studio 2010\Projects\1222\1222\Debug\mt.write.1.tlog
C:\Users\user\Documents\Visual Studio 2010\Projects\1222\1222\Debug\rc.command.1.tlog
C:\Users\user\Documents\Visual Studio 2010\Projects\1222\1222\Debug\rc.read.1.tlog
C:\Users\user\Documents\Visual Studio 2010\Projects\1222\1222\Debug\rc.write.1.tlog
C:\Users\user\Documents\Visual Studio 2010\Projects\1222\1222\Debug\vc100.idb
C:\USERS\USER\DOCUMENTS\VISUAL STUDIO 2010\PROJECTS\1222\1222\DEBUG\VC100.PDB
C:\USERS\USER\DOCUMENTS\VISUAL STUDIO 2010\PROJECTS\1222\DEBUG\1222.EXE
C:\USERS\USER\DOCUMENTS\VISUAL STUDIO 2010\PROJECTS\1222\DEBUG\1222.ILK
C:\USERS\USER\DOCUMENTS\VISUAL STUDIO 2010\PROJECTS\1222\DEBUG\1222.PDB
