빌드 시작: 2019-12-21 오후 7:10:20
     1>2 노드의 "C:\Users\user\Documents\Visual Studio 2010\Projects\1221(찐)\1221(찐)\1221(찐).vcxproj" 프로젝트(rebuild 대상)입니다.
     1>_PrepareForClean:
         "Debug\1221(찐).lastbuildstate" 파일을 삭제하고 있습니다.
       InitializeBuildStatus:
         "Debug\1221(찐).unsuccessfulbuild"에 연결(touching)하고 있습니다.
       ClCompile:
         C:\Program Files (x86)\Microsoft Visual Studio 10.0\VC\bin\CL.exe /c /ZI /nologo /W3 /WX- /Od /Oy- /D WIN32 /D _DEBUG /D _CONSOLE /D _UNICODE /D UNICODE /Gm /EHsc /RTC1 /MDd /GS /fp:precise /Zc:wchar_t /Zc:forScope /Fo"Debug\\" /Fd"Debug\vc100.pdb" /Gd /TC /analyze- /errorReport:prompt main.c
         main.c
     1>c:\users\user\documents\visual studio 2010\projects\1221(찐)\1221(찐)\main.c(169): warning C4996: 'scanf': This function or variable may be unsafe. Consider using scanf_s instead. To disable deprecation, use _CRT_SECURE_NO_WARNINGS. See online help for details.
                 c:\program files (x86)\microsoft visual studio 10.0\vc\include\stdio.h(304) : 'scanf' 선언을 참조하십시오.
     1>c:\users\user\documents\visual studio 2010\projects\1221(찐)\1221(찐)\main.c(172): warning C4996: 'scanf': This function or variable may be unsafe. Consider using scanf_s instead. To disable deprecation, use _CRT_SECURE_NO_WARNINGS. See online help for details.
                 c:\program files (x86)\microsoft visual studio 10.0\vc\include\stdio.h(304) : 'scanf' 선언을 참조하십시오.
     1>c:\users\user\documents\visual studio 2010\projects\1221(찐)\1221(찐)\main.c(175): warning C4996: 'scanf': This function or variable may be unsafe. Consider using scanf_s instead. To disable deprecation, use _CRT_SECURE_NO_WARNINGS. See online help for details.
                 c:\program files (x86)\microsoft visual studio 10.0\vc\include\stdio.h(304) : 'scanf' 선언을 참조하십시오.
     1>c:\users\user\documents\visual studio 2010\projects\1221(찐)\1221(찐)\main.c(191): error C2065: '｝' : 선언되지 않은 식별자입니다.
     1>c:\users\user\documents\visual studio 2010\projects\1221(찐)\1221(찐)\main.c(191): error C2143: 구문 오류 : ';'이(가) 'else' 앞에 없습니다.
     1>c:\users\user\documents\visual studio 2010\projects\1221(찐)\1221(찐)\main.c(191): error C2181: if와 짝을 이루지 않는 잘못된 else문입니다.
     1>c:\users\user\documents\visual studio 2010\projects\1221(찐)\1221(찐)\main.c(195): error C2181: if와 짝을 이루지 않는 잘못된 else문입니다.
     1>c:\users\user\documents\visual studio 2010\projects\1221(찐)\1221(찐)\main.c(201): error C2065: '｝｝' : 선언되지 않은 식별자입니다.
     1>c:\users\user\documents\visual studio 2010\projects\1221(찐)\1221(찐)\main.c(201): fatal error C1075: 왼쪽 중괄호 '{'(위치: 'c:\users\user\documents\visual studio 2010\projects\1221(찐)\1221(찐)\main.c(3)')이(가) 짝이 되기 전에 파일의 끝이 나타났습니다.
     1>"C:\Users\user\Documents\Visual Studio 2010\Projects\1221(찐)\1221(찐)\1221(찐).vcxproj" 프로젝트를 빌드했습니다(rebuild 대상). - 실패

빌드하지 못했습니다.

경과 시간: 00:00:00.12
