C:\USERS\USER\DESKTOP\문자열 길이\DEBUG\문자열 길이.EXE
C:\USERS\USER\DESKTOP\문자열 길이\DEBUG\문자열 길이.ILK
C:\USERS\USER\DESKTOP\문자열 길이\DEBUG\문자열 길이.PDB
C:\Users\user\Desktop\문자열 길이\문자열 길이\Debug\cl.command.1.tlog
C:\Users\user\Desktop\문자열 길이\문자열 길이\Debug\CL.read.1.tlog
C:\Users\user\Desktop\문자열 길이\문자열 길이\Debug\CL.write.1.tlog
C:\Users\user\Desktop\문자열 길이\문자열 길이\Debug\link.1016.read.1.tlog
C:\Users\user\Desktop\문자열 길이\문자열 길이\Debug\link.1016.write.1.tlog
C:\Users\user\Desktop\문자열 길이\문자열 길이\Debug\link.1016-cvtres.read.1.tlog
C:\Users\user\Desktop\문자열 길이\문자열 길이\Debug\link.1016-cvtres.write.1.tlog
C:\Users\user\Desktop\문자열 길이\문자열 길이\Debug\link.command.1.tlog
C:\Users\user\Desktop\문자열 길이\문자열 길이\Debug\link.read.1.tlog
C:\Users\user\Desktop\문자열 길이\문자열 길이\Debug\link.write.1.tlog
C:\Users\user\Desktop\문자열 길이\문자열 길이\Debug\link-cvtres.read.1.tlog
C:\Users\user\Desktop\문자열 길이\문자열 길이\Debug\link-cvtres.write.1.tlog
C:\USERS\USER\DESKTOP\문자열 길이\문자열 길이\DEBUG\MAIN.OBJ
C:\Users\user\Desktop\문자열 길이\문자열 길이\Debug\mt.command.1.tlog
C:\Users\user\Desktop\문자열 길이\문자열 길이\Debug\mt.read.1.tlog
C:\Users\user\Desktop\문자열 길이\문자열 길이\Debug\mt.write.1.tlog
C:\Users\user\Desktop\문자열 길이\문자열 길이\Debug\rc.command.1.tlog
C:\Users\user\Desktop\문자열 길이\문자열 길이\Debug\rc.read.1.tlog
C:\Users\user\Desktop\문자열 길이\문자열 길이\Debug\rc.write.1.tlog
C:\Users\user\Desktop\문자열 길이\문자열 길이\Debug\vc100.idb
C:\USERS\USER\DESKTOP\문자열 길이\문자열 길이\DEBUG\VC100.PDB
C:\USERS\USER\DESKTOP\문자열 길이\문자열 길이\DEBUG\문자열 길이.EXE.EMBED.MANIFEST
C:\USERS\USER\DESKTOP\문자열 길이\문자열 길이\DEBUG\문자열 길이.EXE.EMBED.MANIFEST.RES
C:\USERS\USER\DESKTOP\문자열 길이\문자열 길이\DEBUG\문자열 길이.EXE.INTERMEDIATE.MANIFEST
C:\Users\user\Desktop\문자열 길이\문자열 길이\Debug\문자열 길이.write.1.tlog
C:\Users\user\Desktop\문자열 길이\문자열 길이\Debug\문자열 길이_manifest.rc
