D:\이동희\PROJECT\1214\1214\DEBUG\1214.EXE.EMBED.MANIFEST
D:\이동희\PROJECT\1214\1214\DEBUG\1214.EXE.EMBED.MANIFEST.RES
D:\이동희\PROJECT\1214\1214\DEBUG\1214.EXE.INTERMEDIATE.MANIFEST
D:\이동희\project\1214\1214\Debug\1214.write.1.tlog
D:\이동희\project\1214\1214\Debug\1214_manifest.rc
D:\이동희\project\1214\1214\Debug\cl.command.1.tlog
D:\이동희\project\1214\1214\Debug\CL.read.1.tlog
D:\이동희\project\1214\1214\Debug\CL.write.1.tlog
D:\이동희\project\1214\1214\Debug\link.1560.read.1.tlog
D:\이동희\project\1214\1214\Debug\link.1560.write.1.tlog
D:\이동희\project\1214\1214\Debug\link.1560-cvtres.read.1.tlog
D:\이동희\project\1214\1214\Debug\link.1560-cvtres.write.1.tlog
D:\이동희\project\1214\1214\Debug\link.command.1.tlog
D:\이동희\project\1214\1214\Debug\link.read.1.tlog
D:\이동희\project\1214\1214\Debug\link.write.1.tlog
D:\이동희\project\1214\1214\Debug\link-cvtres.read.1.tlog
D:\이동희\project\1214\1214\Debug\link-cvtres.write.1.tlog
D:\이동희\PROJECT\1214\1214\DEBUG\MAIN.OBJ
D:\이동희\project\1214\1214\Debug\mt.command.1.tlog
D:\이동희\project\1214\1214\Debug\mt.read.1.tlog
D:\이동희\project\1214\1214\Debug\mt.write.1.tlog
D:\이동희\project\1214\1214\Debug\rc.command.1.tlog
D:\이동희\project\1214\1214\Debug\rc.read.1.tlog
D:\이동희\project\1214\1214\Debug\rc.write.1.tlog
D:\이동희\project\1214\1214\Debug\vc100.idb
D:\이동희\PROJECT\1214\1214\DEBUG\VC100.PDB
D:\이동희\PROJECT\1214\DEBUG\1214.EXE
D:\이동희\PROJECT\1214\DEBUG\1214.ILK
D:\이동희\PROJECT\1214\DEBUG\1214.PDB
