D:\이동희\project\1229\1229\Debug\1229.exe.embed.manifest
D:\이동희\PROJECT\1229\1229\DEBUG\1229.EXE.EMBED.MANIFEST.RES
D:\이동희\project\1229\1229\Debug\1229.exe.intermediate.manifest
D:\이동희\project\1229\1229\Debug\1229.write.1.tlog
D:\이동희\project\1229\1229\Debug\1229_manifest.rc
D:\이동희\project\1229\1229\Debug\cl.command.1.tlog
D:\이동희\project\1229\1229\Debug\CL.read.1.tlog
D:\이동희\project\1229\1229\Debug\CL.write.1.tlog
D:\이동희\project\1229\1229\Debug\link.command.1.tlog
D:\이동희\project\1229\1229\Debug\link.read.1.tlog
D:\이동희\project\1229\1229\Debug\link.write.1.tlog
D:\이동희\project\1229\1229\Debug\link-cvtres.read.1.tlog
D:\이동희\project\1229\1229\Debug\link-cvtres.write.1.tlog
D:\이동희\PROJECT\1229\1229\DEBUG\MAIN.OBJ
D:\이동희\project\1229\1229\Debug\rc.command.1.tlog
D:\이동희\project\1229\1229\Debug\rc.read.1.tlog
D:\이동희\project\1229\1229\Debug\rc.write.1.tlog
D:\이동희\project\1229\1229\Debug\vc100.idb
D:\이동희\PROJECT\1229\1229\DEBUG\VC100.PDB
D:\이동희\project\1229\Debug\1229.pdb
