C:\USERS\USER\DESKTOP\인덱스\DEBUG\인덱스.EXE
C:\USERS\USER\DESKTOP\인덱스\DEBUG\인덱스.ILK
C:\USERS\USER\DESKTOP\인덱스\DEBUG\인덱스.PDB
C:\Users\user\Desktop\인덱스\인덱스\Debug\cl.command.1.tlog
C:\Users\user\Desktop\인덱스\인덱스\Debug\CL.read.1.tlog
C:\Users\user\Desktop\인덱스\인덱스\Debug\CL.write.1.tlog
C:\Users\user\Desktop\인덱스\인덱스\Debug\link.16368.read.1.tlog
C:\Users\user\Desktop\인덱스\인덱스\Debug\link.16368.write.1.tlog
C:\Users\user\Desktop\인덱스\인덱스\Debug\link.16368-cvtres.read.1.tlog
C:\Users\user\Desktop\인덱스\인덱스\Debug\link.16368-cvtres.write.1.tlog
C:\Users\user\Desktop\인덱스\인덱스\Debug\link.command.1.tlog
C:\Users\user\Desktop\인덱스\인덱스\Debug\link.read.1.tlog
C:\Users\user\Desktop\인덱스\인덱스\Debug\link.write.1.tlog
C:\Users\user\Desktop\인덱스\인덱스\Debug\link-cvtres.read.1.tlog
C:\Users\user\Desktop\인덱스\인덱스\Debug\link-cvtres.write.1.tlog
C:\USERS\USER\DESKTOP\인덱스\인덱스\DEBUG\MAIN.OBJ
C:\Users\user\Desktop\인덱스\인덱스\Debug\mt.command.1.tlog
C:\Users\user\Desktop\인덱스\인덱스\Debug\mt.read.1.tlog
C:\Users\user\Desktop\인덱스\인덱스\Debug\mt.write.1.tlog
C:\Users\user\Desktop\인덱스\인덱스\Debug\rc.command.1.tlog
C:\Users\user\Desktop\인덱스\인덱스\Debug\rc.read.1.tlog
C:\Users\user\Desktop\인덱스\인덱스\Debug\rc.write.1.tlog
C:\Users\user\Desktop\인덱스\인덱스\Debug\vc100.idb
C:\USERS\USER\DESKTOP\인덱스\인덱스\DEBUG\VC100.PDB
C:\USERS\USER\DESKTOP\인덱스\인덱스\DEBUG\인덱스.EXE.EMBED.MANIFEST
C:\USERS\USER\DESKTOP\인덱스\인덱스\DEBUG\인덱스.EXE.EMBED.MANIFEST.RES
C:\USERS\USER\DESKTOP\인덱스\인덱스\DEBUG\인덱스.EXE.INTERMEDIATE.MANIFEST
C:\Users\user\Desktop\인덱스\인덱스\Debug\인덱스.write.1.tlog
C:\Users\user\Desktop\인덱스\인덱스\Debug\인덱스_manifest.rc
