D:\이동희\PROJECT\0104\0104\DEBUG\0104.EXE.EMBED.MANIFEST
D:\이동희\PROJECT\0104\0104\DEBUG\0104.EXE.EMBED.MANIFEST.RES
D:\이동희\PROJECT\0104\0104\DEBUG\0104.EXE.INTERMEDIATE.MANIFEST
D:\이동희\project\0104\0104\Debug\0104.write.1.tlog
D:\이동희\project\0104\0104\Debug\0104_manifest.rc
D:\이동희\project\0104\0104\Debug\cl.command.1.tlog
D:\이동희\project\0104\0104\Debug\CL.read.1.tlog
D:\이동희\project\0104\0104\Debug\CL.write.1.tlog
D:\이동희\project\0104\0104\Debug\link.15704.read.1.tlog
D:\이동희\project\0104\0104\Debug\link.15704.write.1.tlog
D:\이동희\project\0104\0104\Debug\link.15704-cvtres.read.1.tlog
D:\이동희\project\0104\0104\Debug\link.15704-cvtres.write.1.tlog
D:\이동희\project\0104\0104\Debug\link.command.1.tlog
D:\이동희\project\0104\0104\Debug\link.read.1.tlog
D:\이동희\project\0104\0104\Debug\link.write.1.tlog
D:\이동희\project\0104\0104\Debug\link-cvtres.read.1.tlog
D:\이동희\project\0104\0104\Debug\link-cvtres.write.1.tlog
D:\이동희\PROJECT\0104\0104\DEBUG\MAIN.OBJ
D:\이동희\project\0104\0104\Debug\mt.command.1.tlog
D:\이동희\project\0104\0104\Debug\mt.read.1.tlog
D:\이동희\project\0104\0104\Debug\mt.write.1.tlog
D:\이동희\project\0104\0104\Debug\rc.command.1.tlog
D:\이동희\project\0104\0104\Debug\rc.read.1.tlog
D:\이동희\project\0104\0104\Debug\rc.write.1.tlog
D:\이동희\project\0104\0104\Debug\vc100.idb
D:\이동희\PROJECT\0104\0104\DEBUG\VC100.PDB
D:\이동희\PROJECT\0104\DEBUG\0104.EXE
D:\이동희\PROJECT\0104\DEBUG\0104.ILK
D:\이동희\PROJECT\0104\DEBUG\0104.PDB
