빌드 시작: 2020-01-05 오후 7:14:11
     1>2 노드의 "D:\이동희\project\0105\0105\0105.vcxproj" 프로젝트(rebuild 대상)입니다.
     1>_PrepareForClean:
         "Debug\0105.lastbuildstate" 파일을 삭제하고 있습니다.
       InitializeBuildStatus:
         "Debug\0105.unsuccessfulbuild"에 연결(touching)하고 있습니다.
       ClCompile:
         C:\Program Files (x86)\Microsoft Visual Studio 10.0\VC\bin\CL.exe /c /ZI /nologo /W3 /WX- /Od /Oy- /D WIN32 /D _DEBUG /D _CONSOLE /D _UNICODE /D UNICODE /Gm /EHsc /RTC1 /MDd /GS /fp:precise /Zc:wchar_t /Zc:forScope /Fo"Debug\\" /Fd"Debug\vc100.pdb" /Gd /TC /analyze- /errorReport:prompt main.c
         main.c
     1>d:\이동희\project\0105\0105\main.c(96): warning C4005: 'NULL' : 매크로 재정의
                 c:\program files (x86)\microsoft visual studio 10.0\vc\include\stdio.h(122) : 'NULL'의 이전 정의를 참조하십시오.
     1>d:\이동희\project\0105\0105\main.c(98): error C2146: 구문 오류 : ')'이(가) 'st3' 식별자 앞에 없습니다.
     1>d:\이동희\project\0105\0105\main.c(98): error C2061: 구문 오류 : 식별자 'st3'
     1>d:\이동희\project\0105\0105\main.c(98): error C2059: 구문 오류 : ';'
     1>d:\이동희\project\0105\0105\main.c(98): error C2059: 구문 오류 : ')'
     1>d:\이동희\project\0105\0105\main.c(146): error C2275: 'FILE' : 이 형식을 식으로 잘못 사용했습니다.
                 c:\program files (x86)\microsoft visual studio 10.0\vc\include\stdio.h(66) : 'FILE' 선언을 참조하십시오.
     1>d:\이동희\project\0105\0105\main.c(146): error C2065: 'fp' : 선언되지 않은 식별자입니다.
     1>d:\이동희\project\0105\0105\main.c(147): error C2143: 구문 오류 : ';'이(가) '형식' 앞에 없습니다.
     1>d:\이동희\project\0105\0105\main.c(149): error C2065: 'fp' : 선언되지 않은 식별자입니다.
     1>d:\이동희\project\0105\0105\main.c(149): warning C4047: '=' : 'int'의 간접 참조 수준이 'FILE *'과(와) 다릅니다.
     1>d:\이동희\project\0105\0105\main.c(150): error C2065: 'fp' : 선언되지 않은 식별자입니다.
     1>d:\이동희\project\0105\0105\main.c(156): error C2065: 'ch' : 선언되지 않은 식별자입니다.
     1>d:\이동희\project\0105\0105\main.c(158): error C2065: 'ch' : 선언되지 않은 식별자입니다.
     1>d:\이동희\project\0105\0105\main.c(158): error C2065: 'fp' : 선언되지 않은 식별자입니다.
     1>d:\이동희\project\0105\0105\main.c(158): warning C4047: '함수' : 'FILE *'의 간접 참조 수준이 'int'과(와) 다릅니다.
     1>d:\이동희\project\0105\0105\main.c(158): warning C4024: 'fputc' : 형식 및 실제 매개 변수 2의 형식이 서로 다릅니다.
     1>d:\이동희\project\0105\0105\main.c(162): error C2065: 'fp' : 선언되지 않은 식별자입니다.
     1>d:\이동희\project\0105\0105\main.c(162): warning C4047: '함수' : 'FILE *'의 간접 참조 수준이 'int'과(와) 다릅니다.
     1>d:\이동희\project\0105\0105\main.c(162): warning C4024: 'fclose' : 형식 및 실제 매개 변수 1의 형식이 서로 다릅니다.
     1>d:\이동희\project\0105\0105\main.c(185): error C2059: 구문 오류 : '}'
     1>"D:\이동희\project\0105\0105\0105.vcxproj" 프로젝트를 빌드했습니다(rebuild 대상). - 실패

빌드하지 못했습니다.

경과 시간: 00:00:00.11
